<?xml version="1.0" encoding="UTF-8"?>
<!-- Generated by org.testng.reporters.JUnitXMLReporter -->
<testsuite ignored="0" hostname="Al-Fareeds-MacBook-Pro.local" failures="2" tests="4" name="Gradle test" time="40.736" errors="0" timestamp="2023-08-17T12:10:27 IST">
  <testcase classname="SearchTests" name="verifyBrandSearchListsOnlyBrandItems" time="14.891">
    <failure type="org.openqa.selenium.SessionNotCreatedException" message="Could not start a new session. Response code 500. Message: session not created: This version of ChromeDriver only supports Chrome version 114
Current browser version is 116.0.5845.96 with binary path /Applications/Google Chrome.app/Contents/MacOS/Google Chrome 
Host info: host: &amp;apos;Al-Fareeds-MacBook-Pro.local&amp;apos;, ip: &amp;apos;fe80:0:0:0:4f6:3bbd:3083:a073%en0&amp;apos;
Build info: version: &amp;apos;4.10.0&amp;apos;, revision: &amp;apos;c14d967899&amp;apos;
System info: os.name: &amp;apos;Mac OS X&amp;apos;, os.arch: &amp;apos;x86_64&amp;apos;, os.version: &amp;apos;13.5&amp;apos;, java.version: &amp;apos;20.0.1&amp;apos;
Driver info: org.openqa.selenium.chrome.ChromeDriver
Command: [null, newSession {capabilities=[Capabilities {browserName: chrome, goog:chromeOptions: {args: [--remote-allow-origins=*], extensions: []}}]}]">
      <![CDATA[org.openqa.selenium.SessionNotCreatedException: Could not start a new session. Response code 500. Message: session not created: This version of ChromeDriver only supports Chrome version 114
Current browser version is 116.0.5845.96 with binary path /Applications/Google Chrome.app/Contents/MacOS/Google Chrome 
Host info: host: 'Al-Fareeds-MacBook-Pro.local', ip: 'fe80:0:0:0:4f6:3bbd:3083:a073%en0'
Build info: version: '4.10.0', revision: 'c14d967899'
System info: os.name: 'Mac OS X', os.arch: 'x86_64', os.version: '13.5', java.version: '20.0.1'
Driver info: org.openqa.selenium.chrome.ChromeDriver
Command: [null, newSession {capabilities=[Capabilities {browserName: chrome, goog:chromeOptions: {args: [--remote-allow-origins=*], extensions: []}}]}]
at org.openqa.selenium.remote.ProtocolHandshake.createSession(ProtocolHandshake.java:140)
at org.openqa.selenium.remote.ProtocolHandshake.createSession(ProtocolHandshake.java:96)
at org.openqa.selenium.remote.ProtocolHandshake.createSession(ProtocolHandshake.java:68)
at org.openqa.selenium.remote.HttpCommandExecutor.execute(HttpCommandExecutor.java:163)
at org.openqa.selenium.remote.service.DriverCommandExecutor.invokeExecute(DriverCommandExecutor.java:196)
at org.openqa.selenium.remote.service.DriverCommandExecutor.execute(DriverCommandExecutor.java:171)
at org.openqa.selenium.remote.RemoteWebDriver.execute(RemoteWebDriver.java:531)
at org.openqa.selenium.remote.RemoteWebDriver.startSession(RemoteWebDriver.java:227)
at org.openqa.selenium.remote.RemoteWebDriver.<init>(RemoteWebDriver.java:154)
at org.openqa.selenium.chromium.ChromiumDriver.<init>(ChromiumDriver.java:107)
at org.openqa.selenium.chrome.ChromeDriver.<init>(ChromeDriver.java:87)
at org.openqa.selenium.chrome.ChromeDriver.<init>(ChromeDriver.java:82)
at org.openqa.selenium.chrome.ChromeDriver.<init>(ChromeDriver.java:50)
at SearchTests.verifyBrandSearchListsOnlyBrandItems(SearchTests.java:81)
at java.base/java.util.ArrayList.forEach(ArrayList.java:1511)
at jdk.proxy1/jdk.proxy1.$Proxy2.stop(Unknown Source)
... Removed 40 stack frames]]>
    </failure>
  </testcase> <!-- verifyBrandSearchListsOnlyBrandItems -->
  <testcase classname="SearchTests" name="verifyIfSearchTermShowsRelevantResults" time="8.481"/>
  <testcase classname="SearchTests" name="verifySearchResultCountMatchesDisplayedItems" time="4.267">
    <failure type="java.lang.AssertionError" message="expected [0] but found [4]">
      <![CDATA[java.lang.AssertionError: expected [0] but found [4]
at SearchTests.verifySearchResultCountMatchesDisplayedItems(SearchTests.java:118)
at java.base/java.util.ArrayList.forEach(ArrayList.java:1511)
at jdk.proxy1/jdk.proxy1.$Proxy2.stop(Unknown Source)
... Removed 46 stack frames]]>
    </failure>
  </testcase> <!-- verifySearchResultCountMatchesDisplayedItems -->
  <testcase classname="SearchTests" name="verifySearchUnavailableProduct" time="13.061"/>
</testsuite> <!-- Gradle test -->
